<?xml version="1.0" encoding="UTF-8"?>
<!-- Generated by org.testng.reporters.JUnitXMLReporter -->
<testsuite ignored="0" hostname="JJCTDL3" failures="1" tests="2" name="Default test" time="33.213" errors="0" timestamp="2022-09-14T21:23:44 IST">
  <testcase classname="io.cucumber.testng.AbstractTestNGCucumberTests" name="runScenario" time="27.578">
    <failure type="org.openqa.selenium.TimeoutException" message="Expected condition failed: waiting for visibility of element located by By.xpath: //*[contains(text(),&amp;quot;Google&amp;quot;)] (tried for 20 second(s) with 250 milliseconds interval)
Build info: version: &amp;apos;4.3.0&amp;apos;, revision: &amp;apos;a4995e2c09*&amp;apos;
System info: host: &amp;apos;JJCTDL3&amp;apos;, ip: &amp;apos;192.168.31.164&amp;apos;, os.name: &amp;apos;Windows 10&amp;apos;, os.arch: &amp;apos;amd64&amp;apos;, os.version: &amp;apos;10.0&amp;apos;, java.version: &amp;apos;18.0.1.1&amp;apos;
Driver info: driver.version: unknown">
      <![CDATA[org.openqa.selenium.TimeoutException: Expected condition failed: waiting for visibility of element located by By.xpath: //*[contains(text(),"Google")] (tried for 20 second(s) with 250 milliseconds interval)
Build info: version: '4.3.0', revision: 'a4995e2c09*'
System info: host: 'JJCTDL3', ip: '192.168.31.164', os.name: 'Windows 10', os.arch: 'amd64', os.version: '10.0', java.version: '18.0.1.1'
Driver info: driver.version: unknown
at org.openqa.selenium.support.ui.FluentWait.timeoutException(FluentWait.java:263)
at org.openqa.selenium.support.ui.FluentWait.until(FluentWait.java:231)
at com.test.utility.CommonSeleniumFunction.verifyText(CommonSeleniumFunction.java:126)
at com.test.stepdef.StepDefinition.verfy_text(StepDefinition.java:68)
at âœ½.Check if text "Google" is present on the screen(file:///C:/Users/deepalipkushwaha/eclipse-workspace/TestAutomationProject/feature/test1.feature:6)
]]>
    </failure>
  </testcase> <!-- runScenario -->
  <testcase classname="io.cucumber.testng.AbstractTestNGCucumberTests" name="runScenario" time="5.319"/>
</testsuite> <!-- Default test -->
