<?xml version="1.0" encoding="UTF-8"?>
<!-- Generated by org.testng.reporters.JUnitXMLReporter -->
<testsuite ignored="0" hostname="JJCTDL3" failures="0" tests="1" name="Test" time="0.066" errors="0" timestamp="2022-06-27T14:12:10 IST">
  <testcase classname="com.goosehead.testcase.Testcase" name="@BeforeClass setupTest" time="0.029">
    <failure type="java.lang.NoClassDefFoundError" message="com/google/common/collect/ImmutableSet">
      <![CDATA[java.lang.NoClassDefFoundError: com/google/common/collect/ImmutableSet
at org.openqa.selenium.remote.ErrorCodes.<clinit>(ErrorCodes.java:220)
at org.openqa.selenium.remote.ErrorHandler.<init>(ErrorHandler.java:68)
at org.openqa.selenium.remote.ErrorHandler.<init>(ErrorHandler.java:59)
at org.openqa.selenium.remote.RemoteWebDriver.<init>(RemoteWebDriver.java:133)
at org.openqa.selenium.ie.InternetExplorerDriver.<init>(InternetExplorerDriver.java:164)
at org.openqa.selenium.ie.InternetExplorerDriver.<init>(InternetExplorerDriver.java:144)
at com.goosehead.base.BrowserSetup.browserSetup(BrowserSetup.java:30)
at com.goosehead.testcase.Testcase.setupTest(Testcase.java:23)
at java.base/java.util.ArrayList.forEach(ArrayList.java:1511)
Caused by: java.lang.ClassNotFoundException: com.google.common.collect.ImmutableSet
at java.base/jdk.internal.loader.BuiltinClassLoader.loadClass(BuiltinClassLoader.java:641)
at java.base/jdk.internal.loader.ClassLoaders$AppClassLoader.loadClass(ClassLoaders.java:188)
at java.base/java.lang.ClassLoader.loadClass(ClassLoader.java:521)
... 32 more
... Removed 23 stack frames]]>
    </failure>
  </testcase> <!-- @BeforeClass setupTest -->
  <testcase classname="com.goosehead.testcase.Testcase" name="@AfterTest afterTest" time="-1.656319330542E9">
    <skipped/>
  </testcase> <!-- @AfterTest afterTest -->
  <testcase classname="com.goosehead.testcase.Testcase" name="f" time="0.0">
    <skipped/>
  </testcase> <!-- f -->
</testsuite> <!-- Test -->
